  ---------------------------- 
  GECKO VERSION=v0.0.0 
  ---------------------------- 
  maxgen =           10
  mechanism temperature (K) used for branching ratio:  297.0
  reference temperature (K):  298.0
  default 3rd body M (molec cm-3):   2.50E+19
           
  ---------------------------- 
     ----  MECHANISM  ---- 
  ---------------------------- 
  gas/particle mass transfer: not included
  gas/wall mass transfer: not included
  DHF isomerisation: no
           
  ---------------------------- 
     --------- SAR -------- 
  ---------------------------- 
  vapor pressure scheme=Nannoolal 2008
  OH addition SAR =Jenkin 2018  
  Alkoxy isomerisation: Vereecken 2009 
  Alkoxy dissociation: Vereecken 2009 
           
  ---------------------------- 
    -- OPTIONAL CHEMISTRY --   
  ---------------------------- 
           
  ---------------------------- 
     ----- Reductions ----- 
  ---------------------------- 
  critical vapor pressure (atm) =  -13.000000000000000     
  no isomerisation 
  Cut off branching ratio below which a reaction pathway is ignored:    1.0000000000000000E-002
  high-NOx flag: F
  All classes of RO2 in RO2+RO2:  F
           
  ---------------------------- 
 Precursor: CH3CH2COCH3
