     658    43   4 HN400F CH2(ONO2)COCH(OOH)CHO
     658    42   4 HN400C CH2(OOH)CH(ONO2)COCHO
     659    42   4 1H400K CH2(OOH)CH(O.)COCHO
     659    41   4 AH4005 CO(OH)CH(OH)COCH2(OOH)
     662    42   4 2A4007 CO(OH)CH(OH)COCH2(OO.)
     663    43   4 1A4007 CO(OH)CH(OH)COCH2(O.)
     663    42   4 GN4004 CH2(ONO2)COCH(OH)CO(OOH)
     663    41   4 AA3003 CO(OH)COCO(OH)
     663    40   4 AN3006 CH2(OH)CH(ONO2)CO(OH)
     664    40   4 1A300B CH2(OH)CH(O.)CO(OH)
     664    39   4 PD4002 CO(OONO2)CH(OH)COCHO
     665    39   4 3D4002 CHOCOCH(OH)CO(OO.)
     665    38   4 AA3004 CO(OH)CH(OH)CO(OH)
     665    37   4 AN4004 CO(OH)CH(OH)COCH2(ONO2)
     665    36   4 AH3008 CH2(OH)CH(OOH)CO(OH)
     665    35   4 HN3001 CH2(ONO2)CH(OOH)CHO
     666    35   4 1H3002 CHOCH(OOH)CH2(O.)
     666    34   4 HH3001 CH2(OOH)CH(OOH)CHO
     666    33   4 HD3004 CHOCH(OOH)CHO
     666    32   4 KK4002 CH2(OH)COCOCH2(OH)
     666    31   4 ND4008 CH2(ONO2)COCH(OH)CHO
     666    30   4 AO3002 CH2(OH)CH(OH)CO(OH)
     666    29   4 HN400E CH2(OH)CH(ONO2)COCH2(OOH)
     668    29   4 2N4009 CH2(OH)CH(ONO2)COCH2(OO.)
     669    30   4 1H400L CH2(OH)CH(O.)COCH2(OOH)
     669    29   4 HN400D CH2(OH)COCH(ONO2)CH2(OOH)
     671    29   4 2N400A CH2(OH)COCH(ONO2)CH2(OO.)
     671    29   4 1H400M CH2(OH)COCH(O.)CH2(OOH)
     671    28   4 NN3001 CH2(ONO2)CH(ONO2)CHO
     672    28   4 1N3002 CHOCH(ONO2)CH2(O.)
     672    27   4 HN3002 CH2(OOH)CH(ONO2)CHO
     672    26   4 ND3004 CHOCH(ONO2)CHO
     672    25   4 ND4005 CHOCOCH(ONO2)CHO
     673    25   4 1D4006 CHOCOCH(O.)CHO
     673    24   4 ND3003 CH2(ONO2)CH(OH)CHO
     674    24   4 1D3005 CHOCH(OH)CH2(O.)
     674    23   4 HD3003 CH2(OOH)CH(OH)CHO
     674    22   4 HD3005 CH2(OH)CH(OOH)CHO
     674    21   4 DD3002 CHOCH(OH)CHO
     674    20   4 ND4007 CH2(OH)CH(ONO2)COCHO
     675    20   4 1D4007 CH2(OH)CH(O.)COCHO
     675    19   4 ND4006 CH2(OH)COCH(ONO2)CHO
     676    19   4 1D4008 CH2(OH)COCH(O.)CHO
     676    18   4 ND3005 CH2(OH)CH(ONO2)CHO
     676    17   4 DO3002 CH2(OH)CH(OH)CHO
     676    16   5 GH4007 CO(OOH)CH(OOH)COCHO
     677    16   5 1G4008 CO(OOH)CH(O.)COCHO
     677    15   5 GN4005 CO(OOH)CH(ONO2)COCHO
     677    14   5 AH4007 CO(OH)CH(OOH)COCHO
     678    14   5 1A4008 CO(OH)CH(O.)COCHO
     678    13   5 AN4005 CO(OH)CH(ONO2)COCHO
     678    12   5 GD4002 CO(OOH)CH(OH)COCHO
     678    11   5 GN4006 CH2(OH)COCH(ONO2)CO(OOH)
     679    11   5 1G4009 CH2(OH)COCH(O.)CO(OOH)
     679    10   5 PA2000 CO(OH)CO(OONO2)
     680    10   5 3A2000 CO(OH)CO(OO.)
     680     9   5 AD4002 CO(OH)CH(OH)COCHO
     680     8   5 AN4006 CH2(OH)COCH(ONO2)CO(OH)
     681     8   5 1A4009 CH2(OH)COCH(O.)CO(OH)
     681     7   5 AG2000 CO(OH)CO(OOH)
     681     6   5 GH4008 CH2(OH)COCH(OOH)CO(OOH)
     682     6   5 2G4008 CH2(OH)COCH(OO.)CO(OOH)
     682     5   5 AA2000 CO(OH)CO(OH)
     682     4   5 AH4008 CH2(OH)COCH(OOH)CO(OH)
     683     4   5 2A4008 CH2(OH)COCH(OO.)CO(OH)
     683     3   5 PK4005 CH2(OH)COCH(OH)CO(OONO2)
     684     3   5 3K4005 CH2(OH)COCH(OH)CO(OO.)
     684     2   5 AK4005 CH2(OH)COCH(OH)CO(OH)
     684     1   5 GK4005 CH2(OH)COCH(OH)CO(OOH)
     684     0   5 NK400A CH2(OH)COCH(ONO2)CH2(OH)
     685     0   5 1K400B CH2(OH)COCH(O.)CH2(OH)
